#-----------------------------------------------------------
# updatemem v2022.2 (64-bit)
# SW Build 3671981 on Fri Oct 14 05:00:03 MDT 2022
# IP Build 3669848 on Fri Oct 14 08:30:02 MDT 2022
# Start of session at: Wed Mar 20 22:05:56 2024
# Process ID: 15380
# Current directory: C:/Users/Student/Desktop/277a/four_final/Hardware/H_KANJI/project_3
# Command line: updatemem.exe -mode batch -source C:/Xilinx/Vivado/2022.2/scripts/updatemem/main.tcl -notrace -tclargs -meminfo bram.mmi -data code.mem -proc my_bram -bit C:/Users/Student/Desktop/277a/four_final/Hardware/H_KANJI/project_3/project_3.runs/impl_1/AHBLITE_SYS.bit -out reflash.bit -force -debug
# Log file: C:/Users/Student/Desktop/277a/four_final/Hardware/H_KANJI/project_3/updatemem.log
# Journal file: C:/Users/Student/Desktop/277a/four_final/Hardware/H_KANJI/project_3\updatemem.jou
# Running On: USCS-667, OS: Windows, CPU Frequency: 2496 MHz, CPU Physical cores: 10, Host memory: 16579 MB
#-----------------------------------------------------------
source C:/Xilinx/Vivado/2022.2/scripts/updatemem/main.tcl -notrace
Command: update_mem -meminfo bram.mmi -data code.mem -proc my_bram -bit C:/Users/Student/Desktop/277a/four_final/Hardware/H_KANJI/project_3/project_3.runs/impl_1/AHBLITE_SYS.bit -out reflash.bit -force -debug
Loading bitfile C:/Users/Student/Desktop/277a/four_final/Hardware/H_KANJI/project_3/project_3.runs/impl_1/AHBLITE_SYS.bit
Loading data files...
Updating memory content...
Creating bitstream...
Writing bitstream reflash.bit...
0 Infos, 0 Warnings, 0 Critical Warnings and 0 Errors encountered.
update_mem completed successfully
update_mem: Time (s): cpu = 00:00:10 ; elapsed = 00:00:10 . Memory (MB): peak = 578.898 ; gain = 490.527
INFO: [Common 17-206] Exiting updatemem at Wed Mar 20 22:06:06 2024...
