#-----------------------------------------------------------
# updatemem v2022.2 (64-bit)
# SW Build 3671981 on Fri Oct 14 05:00:03 MDT 2022
# IP Build 3669848 on Fri Oct 14 08:30:02 MDT 2022
# Start of session at: Thu Mar  7 12:21:33 2024
# Process ID: 7292
# Current directory: C:/Users/016767491/Lab3
# Command line: updatemem.exe -mode batch -source C:/Xilinx/Vivado/2022.2/scripts/updatemem/main.tcl -notrace -tclargs -meminfo bram.mmi -data code.mem -proc my_bram -bit C:/Users/016767491/Lab3/Lab3.runs/impl_1/AHBLITE_SYS.bit -out reflash.bit -force -debug
# Log file: C:/Users/016767491/Lab3/updatemem.log
# Journal file: C:/Users/016767491/Lab3\updatemem.jou
# Running On: IMS-C132ND3, OS: Windows, CPU Frequency: 1382 MHz, CPU Physical cores: 4, Host memory: 16905 MB
#-----------------------------------------------------------
source C:/Xilinx/Vivado/2022.2/scripts/updatemem/main.tcl -notrace
Command: update_mem -meminfo bram.mmi -data code.mem -proc my_bram -bit C:/Users/016767491/Lab3/Lab3.runs/impl_1/AHBLITE_SYS.bit -out reflash.bit -force -debug
Loading bitfile C:/Users/016767491/Lab3/Lab3.runs/impl_1/AHBLITE_SYS.bit
Loading data files...
Updating memory content...
Creating bitstream...
Writing bitstream reflash.bit...
0 Infos, 0 Warnings, 0 Critical Warnings and 0 Errors encountered.
update_mem completed successfully
update_mem: Time (s): cpu = 00:00:08 ; elapsed = 00:00:09 . Memory (MB): peak = 599.918 ; gain = 508.484
INFO: [Common 17-206] Exiting updatemem at Thu Mar  7 12:21:42 2024...
